Sat Oct 10 17:40:12 2009:Not found: goto
Sat Oct 10 17:40:14 2009:Not found: go
Sun Dec  6 22:04:22 2009:Not found: list
Sun Dec  6 22:04:28 2009:Not found: all
Sun Dec  6 22:04:30 2009:Not found: list
Mon Dec  7 07:03:48 2009:Not found: mapping
Mon Dec  7 07:03:48 2009:Not found: mapping
Mon Dec  7 07:03:53 2009:Not found: /doc/driver/efun/mapping
Mon Dec  7 07:03:53 2009:Not found: /doc/driver/efun/mapping
Mon Dec  7 07:44:25 2009:Not found: ob
Mon Dec  7 07:44:25 2009:Not found: ob
Mon Dec  7 07:49:42 2009:Not found: move
Mon Dec  7 07:49:42 2009:Not found: move
Mon Dec  7 07:49:45 2009:Not found: docs
Mon Dec  7 07:49:45 2009:Not found: docs
Mon Dec  7 10:54:50 2009:Not found: description
Mon Dec  7 11:28:43 2009:Not found: move
Mon Dec  7 12:41:37 2009:Not found: index
Mon Dec  7 12:44:13 2009:Not found: str_replace
Mon Dec  7 12:44:16 2009:Not found: string_replace
Mon Dec  7 12:44:18 2009:Not found: strings
Mon Dec  7 12:46:03 2009:Not found: explod
Mon Dec  7 22:54:09 2009:Not found: rules
Fri Dec 11 10:40:44 2009:Not found: display
Fri Dec 11 10:40:54 2009:Not found: list
Fri Dec 11 10:41:03 2009:Not found: topics
Fri Dec 11 10:41:06 2009:Not found: topic
